<?xml version="1.0" encoding="UTF-8"?>
<testng-results skipped="0" failed="0" total="1" passed="1">
  <reporter-output>
  </reporter-output>
  <suite name="Default suite" duration-ms="2961" started-at="2018-03-20T11:32:09Z" finished-at="2018-03-20T11:32:12Z">
    <groups>
    </groups>
    <test name="Default test" duration-ms="2961" started-at="2018-03-20T11:32:09Z" finished-at="2018-03-20T11:32:12Z">
      <class name="APITest.Get">
        <test-method status="PASS" signature="setUp()[pri:0, instance:APITest.Get@cc285f4]" name="setUp" is-config="true" duration-ms="2400" started-at="2018-03-20T17:02:09Z" finished-at="2018-03-20T17:02:11Z">
          <reporter-output>
          </reporter-output>
        </test-method> <!-- setUp -->
        <test-method status="PASS" signature="GetTest()[pri:0, instance:APITest.Get@cc285f4]" name="GetTest" duration-ms="538" started-at="2018-03-20T17:02:11Z" finished-at="2018-03-20T17:02:12Z">
          <reporter-output>
          </reporter-output>
        </test-method> <!-- GetTest -->
      </class> <!-- APITest.Get -->
    </test> <!-- Default test -->
  </suite> <!-- Default suite -->
</testng-results>
